----------------------------------
N = 1000 dimension = 10
----------------------------------
Operations -> 2415538 2414411 2413192 2412488 2411155 2409750 
Hungarians -> 3485 3481 3472 3467 3460 3426 
Last Level Hungarians -> 991 991 991 991 991 991 
Times -> 2683.0 522.0 3832.0 3939.0 4411.0 4811.0 
----------------------------------
N = 2500 dimension = 10
----------------------------------
Operations -> 15130282 15107700 15105771 15094982 15094001 15085504 
Hungarians -> 9769 9717 9705 9672 9641 9440 
Last Level Hungarians -> 2465 2465 2465 2465 2465 2465 
Times -> 27397.0 4656.0 40419.0 42978.0 50439.0 54311.0 
----------------------------------
N = 4000 dimension = 10
----------------------------------
Operations -> 38210563 38136795 38135083 38115016 38101390 38094784 
Hungarians -> 16067 15986 15960 15923 15846 15329 
Last Level Hungarians -> 3902 3901 3901 3901 3901 3901 
Times -> 84638.0 16293.0 132142.0 138010.0 157222.0 178960.0 
----------------------------------
N = 5500 dimension = 10
----------------------------------
Operations -> 71961896 71912134 71876085 71857892 71841160 71814849 
Hungarians -> 22753 22669 22612 22560 22423 21495 
Last Level Hungarians -> 5332 5332 5332 5332 5333 5333 
Times -> 208847.0 34616.0 301823.0 354988.0 397466.0 484465.0 
----------------------------------
N = 7000 dimension = 10
----------------------------------
Operations -> 116046700 115891545 115847801 115830019 115787847 115744519 
Hungarians -> 29822 29659 29575 29522 29322 27965 
Last Level Hungarians -> 6732 6732 6732 6732 6732 6732 
Times -> 370951.0 62370.0 478918.0 630006.0 752812.0 815949.0 
----------------------------------
N = 8500 dimension = 10
----------------------------------
Operations -> 170372554 170209504 170167952 170144150 170073589 170012484 
Hungarians -> 36545 36425 36305 36228 35900 33971 
Last Level Hungarians -> 8143 8143 8143 8144 8144 8144 
Times -> 593518.0 104378.0 854145.0 1071952.0 1242808.0 1344128.0 
----------------------------------
N = 10000 dimension = 10
----------------------------------
Operations -> 235187461 234895251 234840013 234804933 234725846 234652008 
Hungarians -> 43769 43593 43427 43336 42906 40370 
Last Level Hungarians -> 9512 9514 9514 9516 9516 9516 
Times -> 891184.0 168866.0 1349955.0 1527171.0 1726645.0 1975154.0 
