----------------------------------
N = 1000 dimension = 7
----------------------------------
Operations -> 2200591 2199633 2198784 2197993 2196546 2196165 
Hungarians -> 3504 3491 3484 3479 3466 3438 
Last Level Hungarians -> 877 877 877 877 877 877 
Times -> 2962.0 429.0 3423.0 3725.0 4300.0 4469.0 
----------------------------------
N = 2500 dimension = 7
----------------------------------
Operations -> 12828345 12849725 12835316 12839688 12836310 12825251 
Hungarians -> 9281 9267 9236 9220 9191 8998 
Last Level Hungarians -> 2010 2014 2014 2016 2016 2015 
Times -> 26100.0 4039.0 33098.0 41654.0 45849.0 47519.0 
----------------------------------
N = 4000 dimension = 7
----------------------------------
Operations -> 31456158 31446786 31440433 31435613 31416232 31422955 
Hungarians -> 15311 15268 15229 15186 15109 14609 
Last Level Hungarians -> 3044 3047 3048 3049 3047 3050 
Times -> 85546.0 10645.0 112744.0 125037.0 141383.0 153056.0 
----------------------------------
N = 5500 dimension = 7
----------------------------------
Operations -> 58675014 58613604 58692068 58643614 58631851 58567844 
Hungarians -> 21422 21343 21261 21217 21088 20175 
Last Level Hungarians -> 4118 4121 4135 4131 4132 4128 
Times -> 177724.0 30540.0 301106.0 333858.0 394925.0 431320.0 
----------------------------------
N = 7000 dimension = 7
----------------------------------
Operations -> 93613905 93576555 93518417 93458289 93401835 93325516 
Hungarians -> 27848 27701 27605 27545 27330 25874 
Last Level Hungarians -> 5161 5166 5168 5167 5166 5164 
Times -> 324304.0 49699.0 471550.0 603605.0 629727.0 682131.0 
----------------------------------
N = 8500 dimension = 7
----------------------------------
Operations -> 133979146 134101357 134242327 134261190 134155294 134088325 
Hungarians -> 34478 34339 34221 34174 33876 31938 
Last Level Hungarians -> 5990 6009 6023 6026 6023 6022 
Times -> 503773.0 78365.0 781007.0 926245.0 1104826.0 1226504.0 
----------------------------------
N = 10000 dimension = 7
----------------------------------
Operations -> 184111919 183991196 183800931 183845639 183831401 183822291 
Hungarians -> 41094 40879 40726 40638 40237 37644 
Last Level Hungarians -> 7021 7030 7028 7034 7039 7041 
Times -> 884207.0 125355.0 1356678.0 1447502.0 1683672.0 1892803.0 
