----------------------------------
N = 1000 dimension = 4
----------------------------------
Operations -> 1259568 1261689 1270765 1266450 1264760 1264986 
Hungarians -> 2913 2900 2901 2889 2884 2862 
Last Level Hungarians -> 425 427 431 430 429 429 
Times -> 3453.0 387.0 3855.0 4116.0 3991.0 4007.0 
----------------------------------
N = 2500 dimension = 4
----------------------------------
Operations -> 6870130 6882267 6873317 6864513 6861538 6861070 
Hungarians -> 7749 7742 7706 7698 7653 7451 
Last Level Hungarians -> 925 927 927 926 927 927 
Times -> 19943.0 2925.0 30875.0 32724.0 35426.0 33289.0 
----------------------------------
N = 4000 dimension = 4
----------------------------------
Operations -> 16481349 16495696 16441231 16369744 16332614 16327149 
Hungarians -> 12807 12757 12727 12672 12588 12121 
Last Level Hungarians -> 1375 1379 1370 1365 1362 1361 
Times -> 108978.0 13022.0 119083.0 117359.0 122738.0 137466.0 
----------------------------------
N = 5500 dimension = 4
----------------------------------
Operations -> 29381365 29454064 29462959 29423686 29415525 29376816 
Hungarians -> 17851 17772 17704 17665 17538 16607 
Last Level Hungarians -> 1768 1774 1778 1776 1777 1776 
Times -> 224615.0 25807.0 256005.0 268291.0 289224.0 303573.0 
----------------------------------
N = 7000 dimension = 4
----------------------------------
Operations -> 44171852 44151991 44346886 44241617 44229025 44201810 
Hungarians -> 23020 22909 22874 22803 22607 21181 
Last Level Hungarians -> 2042 2040 2053 2047 2049 2052 
Times -> 317987.0 44091.0 420814.0 443753.0 477116.0 534546.0 
----------------------------------
N = 8500 dimension = 4
----------------------------------
Operations -> 62460959 62783865 62822817 62778262 62730523 62704140 
Hungarians -> 28227 28169 28058 27976 27696 25723 
Last Level Hungarians -> 2337 2352 2356 2357 2355 2359 
Times -> 480583.0 56343.0 605733.0 674506.0 748514.0 840650.0 
----------------------------------
N = 10000 dimension = 4
----------------------------------
Operations -> 84491379 84796375 85061335 85227108 85111654 85080105 
Hungarians -> 33738 33628 33546 33468 33035 30452 
Last Level Hungarians -> 2687 2703 2712 2721 2721 2726 
Times -> 735608.0 101070.0 950271.0 1044636.0 1179561.0 1268562.0 
