----------------------------------
N = 15000 dimension = 5 p = 1
----------------------------------
-----------------Divide and Conquer Hungarian Algorithm Solver-----------------
Feasible dual weights
N: 15000 dimension: 5 p: 1
Operations: 259721586
Hungarians: 56218
LastLevel: 5836
Time taken: 1710993 ms
-------------------------------------------------------------------------------
----------------------------------
N = 15000 dimension = 5 p = 2
----------------------------------
-----------------Divide and Conquer Hungarian Algorithm Solver-----------------
Feasible dual weights
N: 15000 dimension: 5 p: 2
Operations: 261182653
Hungarians: 56969
LastLevel: 5842
Time taken: 1949477 ms
-------------------------------------------------------------------------------
----------------------------------
N = 15000 dimension = 5 p = 3
----------------------------------
-----------------Divide and Conquer Hungarian Algorithm Solver-----------------
Feasible dual weights
N: 15000 dimension: 5 p: 3
Operations: 261485109
Hungarians: 56754
LastLevel: 5864
Time taken: 1942436 ms
-------------------------------------------------------------------------------
----------------------------------
N = 15000 dimension = 5 p = 4
----------------------------------
-----------------Divide and Conquer Hungarian Algorithm Solver-----------------
Feasible dual weights
N: 15000 dimension: 5 p: 4
Operations: 261469753
Hungarians: 56703
LastLevel: 5863
Time taken: 289954 ms
-------------------------------------------------------------------------------
----------------------------------
N = 15000 dimension = 5 p = 5
----------------------------------
-----------------Divide and Conquer Hungarian Algorithm Solver-----------------
Feasible dual weights
N: 15000 dimension: 5 p: 5
Operations: 261694383
Hungarians: 56616
LastLevel: 5873
Time taken: 2665890 ms
-------------------------------------------------------------------------------
----------------------------------
N = 15000 dimension = 5 p = 6
----------------------------------
-----------------Divide and Conquer Hungarian Algorithm Solver-----------------
Feasible dual weights
N: 15000 dimension: 5 p: 6
Operations: 262311974
Hungarians: 56534
LastLevel: 5890
Time taken: 2941251 ms
-------------------------------------------------------------------------------
Operations -> 259721586 261182653 261485109 261469753 261694383 262311974 
Hungarians -> 56218 56969 56754 56703 56616 56534 
Last Level Hungarians -> 5836 5842 5864 5863 5873 5890 
Times -> 1710993.0 1949477.0 1942436.0 289954.0 2665890.0 2941251.0 
----------------------------------
N = 20000 dimension = 5 p = 1
----------------------------------
-----------------Divide and Conquer Hungarian Algorithm Solver-----------------
Feasible dual weights
N: 20000 dimension: 5 p: 1
Operations: 445515091
Hungarians: 76666
LastLevel: 7486
Time taken: 3453632 ms
-------------------------------------------------------------------------------
----------------------------------
N = 20000 dimension = 5 p = 2
----------------------------------
-----------------Divide and Conquer Hungarian Algorithm Solver-----------------
Feasible dual weights
N: 20000 dimension: 5 p: 2
Operations: 448396030
Hungarians: 77656
LastLevel: 7501
Time taken: 3435925 ms
-------------------------------------------------------------------------------
----------------------------------
N = 20000 dimension = 5 p = 3
----------------------------------
-----------------Divide and Conquer Hungarian Algorithm Solver-----------------
Feasible dual weights
N: 20000 dimension: 5 p: 3
Operations: 448638738
Hungarians: 77482
LastLevel: 7514
Time taken: 4075123 ms
-------------------------------------------------------------------------------
----------------------------------
N = 20000 dimension = 5 p = 4
----------------------------------
-----------------Divide and Conquer Hungarian Algorithm Solver-----------------
Feasible dual weights
N: 20000 dimension: 5 p: 4
Operations: 448749551
Hungarians: 77323
LastLevel: 7526
Time taken: 563313 ms
-------------------------------------------------------------------------------
----------------------------------
N = 20000 dimension = 5 p = 5
----------------------------------
-----------------Divide and Conquer Hungarian Algorithm Solver-----------------
Feasible dual weights
N: 20000 dimension: 5 p: 5
Operations: 449337309
Hungarians: 77247
LastLevel: 7538
Time taken: 4970532 ms
-------------------------------------------------------------------------------
----------------------------------
N = 20000 dimension = 5 p = 6
----------------------------------
-----------------Divide and Conquer Hungarian Algorithm Solver-----------------
Feasible dual weights
N: 20000 dimension: 5 p: 6
Operations: 449303514
Hungarians: 77045
LastLevel: 7538
Time taken: 5272269 ms
-------------------------------------------------------------------------------
Operations -> 445515091 448396030 448638738 448749551 449337309 449303514 
Hungarians -> 76666 77656 77482 77323 77247 77045 
Last Level Hungarians -> 7486 7501 7514 7526 7538 7538 
Times -> 3453632.0 3435925.0 4075123.0 563313.0 4970532.0 5272269.0 
----------------------------------
N = 25000 dimension = 5 p = 1
----------------------------------
-----------------Divide and Conquer Hungarian Algorithm Solver-----------------
Feasible dual weights
N: 25000 dimension: 5 p: 1
Operations: 671887551
Hungarians: 96782
LastLevel: 8956
Time taken: 7383099 ms
-------------------------------------------------------------------------------
----------------------------------
N = 25000 dimension = 5 p = 2
----------------------------------
-----------------Divide and Conquer Hungarian Algorithm Solver-----------------
Feasible dual weights
N: 25000 dimension: 5 p: 2
Operations: 677125980
Hungarians: 98201
LastLevel: 8989
Time taken: 8010576 ms
-------------------------------------------------------------------------------
----------------------------------
N = 25000 dimension = 5 p = 3
----------------------------------
-----------------Divide and Conquer Hungarian Algorithm Solver-----------------
Feasible dual weights
N: 25000 dimension: 5 p: 3
Operations: 676767264
Hungarians: 97792
LastLevel: 8993
Time taken: 8585857 ms
-------------------------------------------------------------------------------
----------------------------------
N = 25000 dimension = 5 p = 4
----------------------------------
-----------------Divide and Conquer Hungarian Algorithm Solver-----------------
Feasible dual weights
N: 25000 dimension: 5 p: 4
Operations: 676920358
Hungarians: 97645
LastLevel: 9005
Time taken: 1155917 ms
-------------------------------------------------------------------------------
----------------------------------
N = 25000 dimension = 5 p = 5
----------------------------------
-----------------Divide and Conquer Hungarian Algorithm Solver-----------------
slurmstepd: error: *** JOB 253123 ON inf053 CANCELLED AT 2024-02-13T12:12:24 ***
