----------------------------------
N = 1000 dimension = 6
----------------------------------
Operations -> 1994017 1993646 1988772 1988224 1987727 1988814 
Hungarians -> 3329 3318 3309 3299 3294 3251 
Last Level Hungarians -> 778 778 777 777 777 778 
Times -> 3028.0 400.0 3591.0 3768.0 4067.0 4130.0 
----------------------------------
N = 2500 dimension = 6
----------------------------------
Operations -> 11246830 11237709 11242372 11252312 11248701 11257897 
Hungarians -> 8887 8835 8819 8803 8774 8597 
Last Level Hungarians -> 1707 1709 1710 1715 1714 1717 
Times -> 28679.0 4229.0 38629.0 39950.0 40833.0 46468.0 
----------------------------------
N = 4000 dimension = 6
----------------------------------
Operations -> 27530751 27512436 27579583 27545764 27529591 27533272 
Hungarians -> 14703 14649 14615 14579 14493 14020 
Last Level Hungarians -> 2564 2567 2575 2575 2574 2576 
Times -> 75920.0 10285.0 113011.0 124114.0 127044.0 164562.0 
----------------------------------
N = 5500 dimension = 6
----------------------------------
Operations -> 50169779 50226863 50281588 50346580 50279569 50233149 
Hungarians -> 20799 20739 20663 20623 20486 19543 
Last Level Hungarians -> 3379 3389 3397 3405 3402 3400 
Times -> 174303.0 28285.0 303047.0 354809.0 395317.0 433116.0 
----------------------------------
N = 7000 dimension = 6
----------------------------------
Operations -> 80619184 80598434 80547190 80480793 80501969 80503599 
Hungarians -> 27115 27021 26899 26842 26619 25181 
Last Level Hungarians -> 4254 4257 4261 4259 4263 4266 
Times -> 347189.0 46646.0 468475.0 546119.0 621138.0 728152.0 
----------------------------------
N = 8500 dimension = 6
----------------------------------
Operations -> 116601882 116518765 116440284 116400945 116527192 116421779 
Hungarians -> 33202 33036 32927 32851 32601 30632 
Last Level Hungarians -> 5045 5051 5047 5049 5059 5056 
Times -> 489991.0 80184.0 712510.0 824218.0 1002201.0 1122641.0 
----------------------------------
N = 10000 dimension = 6
----------------------------------
Operations -> 156794225 157069143 156867379 156882320 156909816 156869384 
Hungarians -> 39516 39330 39221 39139 38697 36120 
Last Level Hungarians -> 5725 5746 5742 5745 5750 5752 
Times -> 798386.0 123098.0 1184962.0 1412030.0 1542577.0 1741908.0 
