----------------------------------
N = 10000 dimension = 2
----------------------------------
Operations -> 47954807 16659671 
Hungarians -> 26467 9990 
Last Level Hungarians -> 1401 464 
Times -> 814128.0 71176.0 
----------------------------------
N = 12500 dimension = 2
----------------------------------
Operations -> 74043244 25513779 
Hungarians -> 32903 12282 
Last Level Hungarians -> 1789 574 
Times -> 1919443.0 164206.0 
----------------------------------
N = 15000 dimension = 2
----------------------------------
Operations -> 99768805 35238999 
Hungarians -> 39104 14540 
Last Level Hungarians -> 1976 668 
Times -> 1866361.0 167551.0 
----------------------------------
N = 17500 dimension = 2
----------------------------------
Operations -> 128610785 45399487 
Hungarians -> 45454 16897 
Last Level Hungarians -> 2138 689 
Times -> 2773815.0 250873.0 
----------------------------------
N = 20000 dimension = 2
----------------------------------
Operations -> 162631024 59387079 
Hungarians -> 51971 19296 
Last Level Hungarians -> 2396 805 
Times -> 5631820.0 646124.0 
----------------------------------
N = 22500 dimension = 2
----------------------------------
slurmstepd: error: *** JOB 253024 ON inf055 CANCELLED AT 2024-02-12T17:55:06 ***
