----------------------------------
N = 1000 dimension = 3
----------------------------------
Operations -> 866968 870646 869009 871385 873148 868285 
Hungarians -> 2447 2434 2434 2432 2431 2396 
Last Level Hungarians -> 287 290 289 290 291 289 
Times -> 2135.0 250.0 2510.0 2525.0 2519.0 2670.0 
----------------------------------
N = 2500 dimension = 3
----------------------------------
Operations -> 4042167 4046020 4060786 4044291 4055924 4028102 
Hungarians -> 6432 6446 6428 6406 6368 6127 
Last Level Hungarians -> 493 492 494 492 495 495 
Times -> 27675.0 2733.0 27557.0 27581.0 31173.0 29210.0 
----------------------------------
N = 4000 dimension = 3
----------------------------------
Operations -> 9097453 9089744 9128667 9133022 9147251 9092180 
Hungarians -> 10578 10544 10539 10507 10424 9896 
Last Level Hungarians -> 690 688 692 693 697 699 
Times -> 76188.0 7929.0 91026.0 91961.0 93902.0 107621.0 
----------------------------------
N = 5500 dimension = 3
----------------------------------
Operations -> 16418620 16530915 16421468 16501644 16497562 16376664 
Hungarians -> 14768 14811 14728 14725 14562 13568 
Last Level Hungarians -> 928 931 924 929 932 934 
Times -> 172774.0 16966.0 168770.0 211321.0 214447.0 217643.0 
----------------------------------
N = 7000 dimension = 3
----------------------------------
Operations -> 24470763 24770065 24914487 24895170 24809184 24687129 
Hungarians -> 19252 19254 19232 19167 18906 17447 
Last Level Hungarians -> 1046 1061 1066 1066 1068 1071 
Times -> 345008.0 36283.0 375057.0 385032.0 413273.0 435165.0 
----------------------------------
N = 8500 dimension = 3
----------------------------------
Operations -> 33847411 33993618 33981781 34008031 33792767 33619343 
Hungarians -> 23557 23509 23455 23399 22984 21014 
Last Level Hungarians -> 1172 1178 1176 1176 1177 1178 
Times -> 369482.0 43627.0 436499.0 464973.0 541784.0 517173.0 
----------------------------------
N = 10000 dimension = 3
----------------------------------
Operations -> 45414271 45467219 45750778 45604320 45389141 45148183 
Hungarians -> 27874 27787 27767 27651 27130 24437 
Last Level Hungarians -> 1337 1335 1339 1338 1341 1342 
Times -> 1067798.0 108789.0 1087820.0 1106361.0 1155468.0 1193399.0 
