----------------------------------
N = 1000 dimension = 2
----------------------------------
Operations -> 897171 351908 
Hungarians -> 2455 1364 
Last Level Hungarians -> 288 99 
Times -> 2502.0 233.0 
----------------------------------
N = 2500 dimension = 2
----------------------------------
Operations -> 4307186 1397956 
Hungarians -> 6444 2926 
Last Level Hungarians -> 536 150 
Times -> 23705.0 2059.0 
----------------------------------
N = 4000 dimension = 2
----------------------------------
Operations -> 9944734 3540443 
Hungarians -> 10385 4442 
Last Level Hungarians -> 763 262 
Times -> 58117.0 4698.0 
----------------------------------
N = 5500 dimension = 2
----------------------------------
Operations -> 17398529 5431068 
Hungarians -> 14571 5858 
Last Level Hungarians -> 958 269 
Times -> 170157.0 15754.0 
----------------------------------
N = 7000 dimension = 2
----------------------------------
Operations -> 26710850 9305778 
Hungarians -> 18308 7161 
Last Level Hungarians -> 1165 389 
Times -> 437870.0 36998.0 
----------------------------------
N = 8500 dimension = 2
----------------------------------
Operations -> 37363615 13152988 
Hungarians -> 22296 8688 
Last Level Hungarians -> 1339 448 
Times -> 434001.0 35452.0 
----------------------------------
N = 10000 dimension = 2
----------------------------------
Operations -> 50702288 18081124 
Hungarians -> 26419 10078 
Last Level Hungarians -> 1542 542 
Times -> 1142233.0 87584.0 
----------------------------------
N = 1000 dimension = 4
----------------------------------
Operations -> 1919276 1296111 
Hungarians -> 3179 2519 
Last Level Hungarians -> 746 457 
Times -> 2596.0 299.0 
----------------------------------
N = 2500 dimension = 4
----------------------------------
Operations -> 10923579 6897295 
Hungarians -> 8591 6221 
Last Level Hungarians -> 1652 947 
Times -> 37108.0 3784.0 
----------------------------------
N = 4000 dimension = 4
----------------------------------
Operations -> 27120383 15912264 
Hungarians -> 14296 9733 
Last Level Hungarians -> 2542 1330 
Times -> 67323.0 8479.0 
----------------------------------
N = 5500 dimension = 4
----------------------------------
Operations -> 49504686 28525542 
Hungarians -> 19736 13099 
Last Level Hungarians -> 3321 1697 
Times -> 186016.0 20781.0 
----------------------------------
N = 7000 dimension = 4
----------------------------------
Operations -> 78859512 43795538 
Hungarians -> 25403 16339 
Last Level Hungarians -> 4151 2034 
Times -> 265631.0 29567.0 
----------------------------------
N = 8500 dimension = 4
----------------------------------
Operations -> 113083698 61829620 
Hungarians -> 31125 19458 
Last Level Hungarians -> 4851 2343 
Times -> 668439.0 78062.0 
----------------------------------
N = 10000 dimension = 4
----------------------------------
Operations -> 154279731 84348867 
Hungarians -> 36927 23046 
Last Level Hungarians -> 5606 2701 
Times -> 705872.0 85999.0 
----------------------------------
N = 1000 dimension = 6
----------------------------------
Operations -> 2350478 1984613 
Hungarians -> 3449 2977 
Last Level Hungarians -> 956 775 
Times -> 2711.0 362.0 
----------------------------------
N = 2500 dimension = 6
----------------------------------
Operations -> 13982422 11167532 
Hungarians -> 9209 7358 
Last Level Hungarians -> 2259 1707 
Times -> 24280.0 3306.0 
----------------------------------
N = 4000 dimension = 6
----------------------------------
Operations -> 35634743 27413147 
Hungarians -> 15306 11757 
Last Level Hungarians -> 3580 2580 
Times -> 75080.0 11306.0 
----------------------------------
N = 5500 dimension = 6
----------------------------------
Operations -> 66395229 49793263 
Hungarians -> 21393 16001 
Last Level Hungarians -> 4830 3363 
Times -> 183248.0 26184.0 
----------------------------------
N = 7000 dimension = 6
----------------------------------
Operations -> 106348358 79437914 
Hungarians -> 27561 20236 
Last Level Hungarians -> 6070 4205 
Times -> 334360.0 47113.0 
----------------------------------
N = 8500 dimension = 6
----------------------------------
Operations -> 155271105 116175000 
Hungarians -> 33796 24484 
Last Level Hungarians -> 7276 5048 
Times -> 586475.0 89234.0 
----------------------------------
N = 10000 dimension = 6
----------------------------------
Operations -> 212685268 155607143 
Hungarians -> 39900 28446 
Last Level Hungarians -> 8456 5699 
Times -> 802031.0 116456.0 
----------------------------------
N = 1000 dimension = 8
----------------------------------
Operations -> 2433168 2337697 
Hungarians -> 3496 3173 
Last Level Hungarians -> 996 950 
Times -> 2745.0 459.0 
----------------------------------
N = 2500 dimension = 8
----------------------------------
Operations -> 15082116 13903302 
Hungarians -> 9371 7898 
Last Level Hungarians -> 2468 2237 
Times -> 21504.0 4154.0 
----------------------------------
N = 4000 dimension = 8
----------------------------------
Operations -> 38699280 34736657 
Hungarians -> 15650 12738 
Last Level Hungarians -> 3958 3470 
Times -> 73161.0 13097.0 
----------------------------------
N = 5500 dimension = 8
----------------------------------
Operations -> 72878886 64352054 
Hungarians -> 21883 17274 
Last Level Hungarians -> 5424 4660 
Times -> 173657.0 28430.0 
----------------------------------
N = 7000 dimension = 8
----------------------------------
Operations -> 117393570 103114191 
Hungarians -> 28278 21961 
Last Level Hungarians -> 6863 5858 
Times -> 338270.0 57487.0 
----------------------------------
N = 8500 dimension = 8
----------------------------------
Operations -> 172799897 149321119 
Hungarians -> 34913 26777 
Last Level Hungarians -> 8295 6930 
Times -> 503731.0 93269.0 
----------------------------------
N = 10000 dimension = 8
----------------------------------
Operations -> 238994998 205933688 
Hungarians -> 41328 31240 
Last Level Hungarians -> 9767 8135 
Times -> 799006.0 135786.0 
