----------------------------------
N = 30000 dimension = 5 p = 1
----------------------------------
-----------------Divide and Conquer Hungarian Algorithm Solver-----------------
Feasible dual weights
N: 30000 dimension: 5 p: 1
Operations: 940956682
Hungarians: 117480
LastLevel: 10402
Time taken: 9162506 ms
-------------------------------------------------------------------------------
----------------------------------
N = 30000 dimension = 5 p = 2
----------------------------------
-----------------Divide and Conquer Hungarian Algorithm Solver-----------------
Feasible dual weights
N: 30000 dimension: 5 p: 2
Operations: 946459349
Hungarians: 119057
LastLevel: 10417
Time taken: 10937975 ms
-------------------------------------------------------------------------------
----------------------------------
N = 30000 dimension = 5 p = 3
----------------------------------
-----------------Divide and Conquer Hungarian Algorithm Solver-----------------
Feasible dual weights
N: 30000 dimension: 5 p: 3
Operations: 948135853
Hungarians: 118799
LastLevel: 10443
Time taken: 12627006 ms
-------------------------------------------------------------------------------
----------------------------------
N = 30000 dimension = 5 p = 4
----------------------------------
-----------------Divide and Conquer Hungarian Algorithm Solver-----------------
Feasible dual weights
N: 30000 dimension: 5 p: 4
Operations: 948367473
Hungarians: 118533
LastLevel: 10465
Time taken: 1777871 ms
-------------------------------------------------------------------------------
----------------------------------
N = 30000 dimension = 5 p = 5
----------------------------------
-----------------Divide and Conquer Hungarian Algorithm Solver-----------------
Feasible dual weights
N: 30000 dimension: 5 p: 5
Operations: 949520842
Hungarians: 118344
LastLevel: 10484
Time taken: 15230442 ms
-------------------------------------------------------------------------------
----------------------------------
N = 30000 dimension = 5 p = 6
----------------------------------
-----------------Divide and Conquer Hungarian Algorithm Solver-----------------
slurmstepd: error: *** JOB 253121 ON inf053 CANCELLED AT 2024-02-13T12:12:25 ***
