----------------------------------
N = 1000 dimension = 5
----------------------------------
Operations -> 1686788 1675843 1672296 1673450 1671359 1667113 
Hungarians -> 3090 3069 3061 3062 3054 3025 
Last Level Hungarians -> 632 627 626 626 626 624 
Times -> 2368.0 313.0 2709.0 2861.0 3319.0 3556.0 
----------------------------------
N = 2500 dimension = 5
----------------------------------
Operations -> 9194384 9215984 9191695 9211523 9202917 9203298 
Hungarians -> 8400 8384 8352 8342 8314 8107 
Last Level Hungarians -> 1312 1318 1315 1319 1319 1320 
Times -> 27610.0 3563.0 34079.0 34699.0 38206.0 40184.0 
----------------------------------
N = 4000 dimension = 5
----------------------------------
Operations -> 22316469 22311286 22298817 22302647 22310499 22341494 
Hungarians -> 14056 14004 13949 13914 13844 13322 
Last Level Hungarians -> 1973 1975 1977 1980 1981 1987 
Times -> 87996.0 11161.0 113371.0 130829.0 136636.0 152511.0 
----------------------------------
N = 5500 dimension = 5
----------------------------------
Operations -> 40593318 40656681 40588663 40542883 40559779 40534918 
Hungarians -> 19765 19660 19601 19541 19406 18548 
Last Level Hungarians -> 2561 2572 2569 2568 2571 2571 
Times -> 188927.0 21910.0 229275.0 250719.0 281480.0 291926.0 
----------------------------------
N = 7000 dimension = 5
----------------------------------
Operations -> 63146227 63166266 63203001 63234305 63163008 63117754 
Hungarians -> 25529 25434 25371 25304 25105 23682 
Last Level Hungarians -> 3095 3098 3106 3110 3107 3107 
Times -> 329892.0 46343.0 457386.0 489307.0 563430.0 631778.0 
----------------------------------
N = 8500 dimension = 5
----------------------------------
Operations -> 90024164 90124860 90352755 90326675 90426565 90451117 
Hungarians -> 31027 30908 30859 30765 30485 28580 
Last Level Hungarians -> 3625 3635 3644 3649 3656 3661 
Times -> 469512.0 64479.0 680948.0 820197.0 976753.0 1104191.0 
----------------------------------
N = 10000 dimension = 5
----------------------------------
Operations -> 122702746 122750881 123014998 123014742 123113670 122962141 
Hungarians -> 37327 37110 37024 36923 36504 33989 
Last Level Hungarians -> 4175 4188 4203 4206 4214 4211 
Times -> 781571.0 95997.0 1040780.0 1197017.0 1401216.0 1521546.0 
