----------------------------------
N = 1000 dimension = 10
----------------------------------
Operations -> 2427200 2423683 2422788 2420841 2420699 2420449 
Hungarians -> 3515 3500 3498 3485 3482 3459 
Last Level Hungarians -> 989 989 989 989 989 989 
Times -> 3177.0 627.0 3952.0 4345.0 4996.0 4938.0 
----------------------------------
N = 2500 dimension = 10
----------------------------------
Operations -> 15122857 15111932 15097230 15094790 15089959 15083060 
Hungarians -> 9709 9688 9660 9646 9621 9422 
Last Level Hungarians -> 2468 2468 2468 2468 2468 2468 
Times -> 26681.0 4748.0 37065.0 40180.0 45221.0 54810.0 
----------------------------------
N = 4000 dimension = 10
----------------------------------
Operations -> 38338142 38289045 38289243 38273666 38259625 38246743 
Hungarians -> 16227 16141 16125 16091 16020 15517 
Last Level Hungarians -> 3903 3903 3903 3903 3903 3903 
Times -> 77151.0 14053.0 121663.0 133781.0 158822.0 187134.0 
----------------------------------
N = 5500 dimension = 10
----------------------------------
Operations -> 72255800 72180848 72121303 72095425 72068861 72057620 
Hungarians -> 23042 22952 22871 22811 22678 21803 
Last Level Hungarians -> 5334 5334 5333 5332 5332 5332 
Times -> 184603.0 33740.0 252024.0 288348.0 360053.0 384827.0 
----------------------------------
N = 7000 dimension = 10
----------------------------------
Operations -> 115934376 115846836 115780690 115706084 115717059 115656959 
Hungarians -> 29565 29477 29381 29300 29090 27620 
Last Level Hungarians -> 6733 6732 6731 6731 6731 6731 
Times -> 385031.0 60492.0 469669.0 563299.0 695226.0 811325.0 
----------------------------------
N = 8500 dimension = 10
----------------------------------
Operations -> 170046846 169906807 169803662 169730880 169726419 169671240 
Hungarians -> 36449 36306 36179 36097 35822 33849 
Last Level Hungarians -> 8117 8118 8118 8118 8119 8119 
Times -> 548191.0 94438.0 787573.0 949641.0 1075598.0 1219035.0 
----------------------------------
N = 10000 dimension = 10
----------------------------------
Operations -> 234627272 234458028 234290494 234207875 234129153 234048893 
Hungarians -> 43659 43450 43292 43192 42779 40168 
Last Level Hungarians -> 9493 9493 9492 9492 9492 9492 
Times -> 733032.0 150287.0 1312978.0 1671982.0 1847627.0 2119064.0 
