----------------------------------
N = 1000 dimension = 2
----------------------------------
Operations -> 2437935 350030 
Hungarians -> 3529 1588 
Last Level Hungarians -> 1000 107 
Times -> 47266.0 1768.0 
----------------------------------
N = 2500 dimension = 2
----------------------------------
Operations -> 15253246 1464610 
Hungarians -> 9697 4010 
Last Level Hungarians -> 2500 170 
Times -> 733497.0 28447.0 
----------------------------------
N = 4000 dimension = 2
----------------------------------
Operations -> 38964766 3287487 
Hungarians -> 16049 6314 
Last Level Hungarians -> 4000 245 
Times -> 3005272.0 50927.0 
----------------------------------
N = 5500 dimension = 2
----------------------------------
Operations -> 73768056 5729277 
Hungarians -> 22811 8985 
Last Level Hungarians -> 5500 308 
Times -> 7808459.0 260958.0 
----------------------------------
N = 7000 dimension = 2
----------------------------------
slurmstepd: error: *** JOB 252991 ON inf051 CANCELLED AT 2024-02-12T17:55:17 ***
